

############################
mié abr 20 16:54:51 CEST 2022
/home/neuroimage/fsl/Scripts/Python/s1_Volumetry
/usr/local/freesurfer/tktools/tksurfer.bin F1202 lh pial 
############################


############################
mié abr 20 17:40:26 CEST 2022
/home/neuroimage/fsl/Scripts/Python/s1_Volumetry
/usr/local/freesurfer/tktools/tksurfer.bin F1202 lh pial 
############################


############################
mié abr 20 17:40:39 CEST 2022
/home/neuroimage/fsl/Scripts/Python/s1_Volumetry
/usr/local/freesurfer/tktools/tksurfer.bin F1202 rh pial 
############################


############################
mié abr 20 17:40:50 CEST 2022
/home/neuroimage/fsl/Scripts/Python/s1_Volumetry
/usr/local/freesurfer/tktools/tksurfer.bin F1202 lh pial 
############################


############################
mié abr 20 17:40:59 CEST 2022
/home/neuroimage/fsl/Scripts/Python/s1_Volumetry
/usr/local/freesurfer/tktools/tksurfer.bin F1202 rh pial 
############################


############################
mié abr 20 17:41:08 CEST 2022
/home/neuroimage/fsl/Scripts/Python/s1_Volumetry
/usr/local/freesurfer/tktools/tksurfer.bin F1202 lh pial 
############################


############################
mié abr 20 17:41:17 CEST 2022
/home/neuroimage/fsl/Scripts/Python/s1_Volumetry
/usr/local/freesurfer/tktools/tksurfer.bin F1202 rh pial 
############################


############################
mié abr 20 17:41:55 CEST 2022
/home/neuroimage/fsl/Scripts/Python/s1_Volumetry
/usr/local/freesurfer/tktools/tksurfer.bin F1200 lh pial 
############################


############################
mié abr 20 17:42:05 CEST 2022
/home/neuroimage/fsl/Scripts/Python/s1_Volumetry
/usr/local/freesurfer/tktools/tksurfer.bin F1200 rh pial 
############################


############################
mié abr 20 17:42:51 CEST 2022
/home/neuroimage/fsl/Scripts/Python/s1_Volumetry
/usr/local/freesurfer/tktools/tksurfer.bin F1201 lh pial 
############################


############################
mié abr 20 17:43:00 CEST 2022
/home/neuroimage/fsl/Scripts/Python/s1_Volumetry
/usr/local/freesurfer/tktools/tksurfer.bin F1201 rh pial 
############################


############################
mié abr 20 17:44:51 CEST 2022
/home/neuroimage/fsl/Scripts/Python/s1_Volumetry
/usr/local/freesurfer/tktools/tksurfer.bin F1202 lh pial 
############################


############################
mié abr 20 17:45:01 CEST 2022
/home/neuroimage/fsl/Scripts/Python/s1_Volumetry
/usr/local/freesurfer/tktools/tksurfer.bin F1202 rh pial 
############################


############################
mié abr 20 18:05:17 CEST 2022
/home/neuroimage/fsl/Scripts/Python/s1_Volumetry
/usr/local/freesurfer/tktools/tksurfer.bin F1202 lh pial 
############################


############################
mié abr 20 18:05:24 CEST 2022
/home/neuroimage/fsl/Scripts/Python/s1_Volumetry
/usr/local/freesurfer/tktools/tksurfer.bin F1202 rh pial 
############################


############################
mié abr 20 18:06:04 CEST 2022
/home/neuroimage/fsl/Scripts/Python/s1_Volumetry
/usr/local/freesurfer/tktools/tksurfer.bin F1200 lh pial 
############################


############################
mié abr 20 18:06:17 CEST 2022
/home/neuroimage/fsl/Scripts/Python/s1_Volumetry
/usr/local/freesurfer/tktools/tksurfer.bin F1200 rh pial 
############################


############################
mié abr 20 18:06:54 CEST 2022
/home/neuroimage/fsl/Scripts/Python/s1_Volumetry
/usr/local/freesurfer/tktools/tksurfer.bin F1201 lh pial 
############################


############################
mié abr 20 18:07:02 CEST 2022
/home/neuroimage/fsl/Scripts/Python/s1_Volumetry
/usr/local/freesurfer/tktools/tksurfer.bin F1201 rh pial 
############################


############################
jue abr 21 14:05:46 CEST 2022
/home/neuroimage/fsl/Scripts/Python/s1_Volumetry
/usr/local/freesurfer/tktools/tksurfer.bin F1202 lh pial 
############################


############################
jue abr 21 14:05:58 CEST 2022
/home/neuroimage/fsl/Scripts/Python/s1_Volumetry
/usr/local/freesurfer/tktools/tksurfer.bin F1202 rh pial 
############################


############################
jue jul 14 12:43:39 CEST 2022
/home/neuroimage/fsl/Scripts/Python/s1_Volumetry
/usr/local/freesurfer/tktools/tksurfer.bin fsaverage lh inflated 
############################


############################
jue jul 14 12:51:48 CEST 2022
/home/neuroimage/fsl/Scripts/Python/s1_Volumetry
/usr/local/freesurfer/tktools/tksurfer.bin fsaverage rh inflated 
############################


############################
jue jul 14 13:03:15 CEST 2022
/home/neuroimage/fsl/Scripts/Python/s1_Volumetry
/usr/local/freesurfer/tktools/tksurfer.bin fsaverage lh inflated 
############################


############################
jue jul 14 13:03:41 CEST 2022
/home/neuroimage/fsl/Scripts/Python/s1_Volumetry
/usr/local/freesurfer/tktools/tksurfer.bin fsaverage rh inflated 
############################


############################
jue jul 14 13:08:55 CEST 2022
/home/neuroimage/fsl/Scripts/Python/s1_Volumetry
/usr/local/freesurfer/tktools/tksurfer.bin fsaverage lh inflated 
############################


############################
jue jul 14 13:09:14 CEST 2022
/home/neuroimage/fsl/Scripts/Python/s1_Volumetry
/usr/local/freesurfer/tktools/tksurfer.bin fsaverage rh inflated 
############################


############################
jue jul 14 13:17:08 CEST 2022
/home/neuroimage/fsl/Scripts/Python/s1_Volumetry
/usr/local/freesurfer/tktools/tksurfer.bin fsaverage rh inflated 
############################


############################
jue jul 14 13:28:02 CEST 2022
/home/neuroimage/fsl/Scripts/Python/s1_Volumetry
/usr/local/freesurfer/tktools/tksurfer.bin fsaverage lh inflated 
############################


############################
jue jul 14 15:52:02 CEST 2022
/home/neuroimage/fsl/Scripts/Python/s1_Volumetry
/usr/local/freesurfer/tktools/tksurfer.bin fsaverage lh inflated 
############################


############################
jue jul 14 15:57:37 CEST 2022
/home/neuroimage/fsl/Scripts/Python/s1_Volumetry
/usr/local/freesurfer/tktools/tksurfer.bin fsaverage rh inflated 
############################


############################
jue jul 14 16:03:37 CEST 2022
/home/neuroimage/fsl/Scripts/Python/s1_Volumetry
/usr/local/freesurfer/tktools/tksurfer.bin fsaverage lh inflated 
############################


############################
jue jul 14 16:04:51 CEST 2022
/home/neuroimage/fsl/Scripts/Python/s1_Volumetry
/usr/local/freesurfer/tktools/tksurfer.bin fsaverage rh inflated 
############################


############################
vie jul 15 18:09:57 CEST 2022
/home/neuroimage/fsl/Scripts/Python/s1_Volumetry
/usr/local/freesurfer/tktools/tksurfer.bin fsaverage lh inflated 
############################
